<?xml version="1.0" encoding="UTF-8"?>
<!-- Generated by org.testng.reporters.JUnitReportReporter -->
<testsuite hostname="WIN-GLF10487UOQ" failures="0" tests="3" name="com.sddevops.selenuim.NewTest" time="13.654" errors="0" timestamp="2022-02-04T18:24:00 PST" skipped="0">
  <testcase classname="com.sddevops.selenuim.NewTest" name="CustomerTransaction" time="4.824"/>
  <testcase classname="com.sddevops.selenuim.NewTest" name="CustomerRegistration" time="6.908"/>
  <testcase classname="com.sddevops.selenuim.NewTest" name="BankUserLogin" time="1.922"/>
</testsuite> <!-- com.sddevops.selenuim.NewTest -->
