<?xml version="1.0" encoding="UTF-8"?>
<!-- Generated by org.testng.reporters.JUnitReportReporter -->
<testsuite hostname="WIN-GLF10487UOQ" failures="0" tests="3" name="com.sddevops.selenuim.NewTest" time="11.075" errors="0" timestamp="2022-02-04T22:56:31 PST" skipped="0">
  <testcase classname="com.sddevops.selenuim.NewTest" name="CustomerTransaction" time="4.552"/>
  <testcase classname="com.sddevops.selenuim.NewTest" name="BankUserLogin" time="1.148"/>
  <testcase classname="com.sddevops.selenuim.NewTest" name="CustomerRegistration" time="5.375"/>
</testsuite> <!-- com.sddevops.selenuim.NewTest -->
