<?xml version="1.0" encoding="UTF-8"?>
<!-- Generated by org.testng.reporters.JUnitReportReporter -->
<testsuite hostname="WIN-GLF10487UOQ" failures="0" tests="3" name="com.sddevops.selenuim.NewTest" time="11.710" errors="0" timestamp="2022-02-03T22:10:11 PST" skipped="0">
  <testcase classname="com.sddevops.selenuim.NewTest" name="CustomerRegistration" time="5.851"/>
  <testcase classname="com.sddevops.selenuim.NewTest" name="CustomerTransaction" time="4.293"/>
  <testcase classname="com.sddevops.selenuim.NewTest" name="BankUserLogin" time="1.566"/>
</testsuite> <!-- com.sddevops.selenuim.NewTest -->
