<?xml version="1.0" encoding="UTF-8"?>
<!-- Generated by org.testng.reporters.JUnitReportReporter -->
<testsuite hostname="WIN-GLF10487UOQ" failures="0" tests="3" name="com.sddevops.selenuim.NewTest" time="10.210" errors="0" timestamp="2022-01-31T22:06:08 PST" skipped="0">
  <testcase classname="com.sddevops.selenuim.NewTest" name="BankUserLogin" time="1.021"/>
  <testcase classname="com.sddevops.selenuim.NewTest" name="CustomerTransaction" time="3.997"/>
  <testcase classname="com.sddevops.selenuim.NewTest" name="CustomerRegistration" time="5.192"/>
</testsuite> <!-- com.sddevops.selenuim.NewTest -->
